2024-08-18 6:39:34 [ERROR] Undefined property: EbanxChallenge\Model\AccountModel::$data -- /var/www/EbanxChallenge/Model/AccountModel.php -- Line: 20
2024-08-18 6:39:34 [ERROR] Undefined property: EbanxChallenge\Model\AccountModel::$data => /var/www/EbanxChallenge/Core/Web/Application.php (line 80)
2024-08-18 6:41:00 [ERROR] Cannot modify readonly property EbanxChallenge\Core\ModelBase::$data => /var/www/EbanxChallenge/Model/AccountModel.php (line 20)
2024-08-18 6:41:57 [ERROR] Attempt to assign property "balance" on array => /var/www/EbanxChallenge/Model/AccountModel.php (line 20)
2024-08-18 6:42:49 [ERROR] EbanxChallenge\Model\AccountModel::deposit(): Return value must be of type object|false, array returned => /var/www/EbanxChallenge/Model/AccountModel.php (line 23)
2024-08-18 6:43:54 [ERROR] Method not allowed => /var/www/EbanxChallenge/Core/Web/ControllerBase.php (line 67)
2024-08-18 6:45:47 [ERROR] Class "EbanxChallenge\Model\stdClass" not found => /var/www/EbanxChallenge/Model/AccountModel.php (line 49)
2024-08-18 7:26:01 [ERROR] Controller [Favicon.ico] not found => /var/www/EbanxChallenge/Core/Web/Request.php (line 56)
2024-08-18 7:26:02 [ERROR] Uncaught EbanxChallenge\Core\Exception\ControllerNotFoundException: Controller [Favicon.ico] not found in /var/www/EbanxChallenge/Core/Web/Request.php:56
Stack trace:
#0 /var/www/EbanxChallenge/Core/Web/Response/ResponseBase.php(24): EbanxChallenge\Core\Web\Request->__construct()
#1 /var/www/EbanxChallenge/Core/Web/Response/ResponseBase.php(74): EbanxChallenge\Core\Web\Response\ResponseBase->sendCorsHeaders()
#2 /var/www/EbanxChallenge/Core/Web/Application.php(68): EbanxChallenge\Core\Web\Response\ResponseBase->render()
#3 /var/www/html/index.php(11): EbanxChallenge\Core\Web\Application::start()
#4 {main}
  thrown -- /var/www/EbanxChallenge/Core/Web/Request.php -- Line: 56
2024-08-18 7:26:02 [ERROR] Uncaught EbanxChallenge\Core\Exception\ControllerNotFoundException: Controller [Favicon.ico] not found in /var/www/EbanxChallenge/Core/Web/Request.php:56
Stack trace:
#0 /var/www/EbanxChallenge/Core/Web/Response/ResponseBase.php(24): EbanxChallenge\Core\Web\Request->__construct()
#1 /var/www/EbanxChallenge/Core/Web/Response/ResponseBase.php(74): EbanxChallenge\Core\Web\Response\ResponseBase->sendCorsHeaders()
#2 /var/www/EbanxChallenge/Core/Web/Application.php(68): EbanxChallenge\Core\Web\Response\ResponseBase->render()
#3 /var/www/html/index.php(11): EbanxChallenge\Core\Web\Application::start()
#4 {main}
  thrown => /var/www/EbanxChallenge/Core/Web/Application.php (line 80)
2024-08-18 7:26:02 [ERROR] http_response_code(): Cannot set response code - headers already sent -- /var/www/EbanxChallenge/Core/Web/Response/ResponseBase.php -- Line: 70
2024-08-18 7:26:02 [ERROR] http_response_code(): Cannot set response code - headers already sent => /var/www/EbanxChallenge/Core/Web/Application.php (line 80)
2024-08-18 7:29:34 [ERROR] Too few arguments to function EbanxChallenge\Core\Web\Response\ServiceResponse::__construct(), 0 passed in /var/www/EbanxChallenge/Controller/ResetController.php on line 21 and at least 1 expected => /var/www/EbanxChallenge/Core/Web/Response/ServiceResponse.php (line 7)
2024-08-18 7:37:06 [ERROR] Controller [Openapi] not found => /var/www/EbanxChallenge/Core/Web/Request.php (line 56)
2024-08-18 7:37:07 [ERROR] Uncaught EbanxChallenge\Core\Exception\ControllerNotFoundException: Controller [Openapi] not found in /var/www/EbanxChallenge/Core/Web/Request.php:56
Stack trace:
#0 /var/www/EbanxChallenge/Core/Web/Response/ResponseBase.php(24): EbanxChallenge\Core\Web\Request->__construct()
#1 /var/www/EbanxChallenge/Core/Web/Response/ResponseBase.php(74): EbanxChallenge\Core\Web\Response\ResponseBase->sendCorsHeaders()
#2 /var/www/EbanxChallenge/Core/Web/Application.php(68): EbanxChallenge\Core\Web\Response\ResponseBase->render()
#3 /var/www/html/index.php(11): EbanxChallenge\Core\Web\Application::start()
#4 {main}
  thrown -- /var/www/EbanxChallenge/Core/Web/Request.php -- Line: 56
2024-08-18 7:37:07 [ERROR] Uncaught EbanxChallenge\Core\Exception\ControllerNotFoundException: Controller [Openapi] not found in /var/www/EbanxChallenge/Core/Web/Request.php:56
Stack trace:
#0 /var/www/EbanxChallenge/Core/Web/Response/ResponseBase.php(24): EbanxChallenge\Core\Web\Request->__construct()
#1 /var/www/EbanxChallenge/Core/Web/Response/ResponseBase.php(74): EbanxChallenge\Core\Web\Response\ResponseBase->sendCorsHeaders()
#2 /var/www/EbanxChallenge/Core/Web/Application.php(68): EbanxChallenge\Core\Web\Response\ResponseBase->render()
#3 /var/www/html/index.php(11): EbanxChallenge\Core\Web\Application::start()
#4 {main}
  thrown => /var/www/EbanxChallenge/Core/Web/Application.php (line 80)
2024-08-18 7:37:07 [ERROR] http_response_code(): Cannot set response code - headers already sent -- /var/www/EbanxChallenge/Core/Web/Response/ResponseBase.php -- Line: 70
2024-08-18 7:37:07 [ERROR] http_response_code(): Cannot set response code - headers already sent => /var/www/EbanxChallenge/Core/Web/Application.php (line 80)
2024-08-18 7:38:49 [ERROR] Controller [Openapi] not found => /var/www/EbanxChallenge/Core/Web/Request.php (line 56)
2024-08-18 7:38:49 [ERROR] Uncaught EbanxChallenge\Core\Exception\ControllerNotFoundException: Controller [Openapi] not found in /var/www/EbanxChallenge/Core/Web/Request.php:56
Stack trace:
#0 /var/www/EbanxChallenge/Core/Web/Response/ResponseBase.php(24): EbanxChallenge\Core\Web\Request->__construct()
#1 /var/www/EbanxChallenge/Core/Web/Response/ResponseBase.php(74): EbanxChallenge\Core\Web\Response\ResponseBase->sendCorsHeaders()
#2 /var/www/EbanxChallenge/Core/Web/Application.php(68): EbanxChallenge\Core\Web\Response\ResponseBase->render()
#3 /var/www/html/index.php(11): EbanxChallenge\Core\Web\Application::start()
#4 {main}
  thrown -- /var/www/EbanxChallenge/Core/Web/Request.php -- Line: 56
2024-08-18 7:38:49 [ERROR] Uncaught EbanxChallenge\Core\Exception\ControllerNotFoundException: Controller [Openapi] not found in /var/www/EbanxChallenge/Core/Web/Request.php:56
Stack trace:
#0 /var/www/EbanxChallenge/Core/Web/Response/ResponseBase.php(24): EbanxChallenge\Core\Web\Request->__construct()
#1 /var/www/EbanxChallenge/Core/Web/Response/ResponseBase.php(74): EbanxChallenge\Core\Web\Response\ResponseBase->sendCorsHeaders()
#2 /var/www/EbanxChallenge/Core/Web/Application.php(68): EbanxChallenge\Core\Web\Response\ResponseBase->render()
#3 /var/www/html/index.php(11): EbanxChallenge\Core\Web\Application::start()
#4 {main}
  thrown => /var/www/EbanxChallenge/Core/Web/Application.php (line 80)
2024-08-18 7:38:49 [ERROR] http_response_code(): Cannot set response code - headers already sent -- /var/www/EbanxChallenge/Core/Web/Response/ResponseBase.php -- Line: 70
2024-08-18 7:38:49 [ERROR] http_response_code(): Cannot set response code - headers already sent => /var/www/EbanxChallenge/Core/Web/Application.php (line 80)
